Analysis & Synthesis report for sram
Wed Apr 19 13:55:10 2023
Quartus Prime Version 20.1.1 Build 720 11/11/2020 SJ Lite Edition


---------------------
; Table of Contents ;
---------------------
  1. Legal Notice
  2. Analysis & Synthesis Summary
  3. Analysis & Synthesis Settings
  4. Parallel Compilation
  5. Analysis & Synthesis Source Files Read
  6. Analysis & Synthesis Resource Usage Summary
  7. Analysis & Synthesis Resource Utilization by Entity
  8. Registers Removed During Synthesis
  9. General Register Statistics
 10. Parameter Settings for User Entity Instance: Top-level Entity: |sram
 11. Analysis & Synthesis Messages



----------------
; Legal Notice ;
----------------
Copyright (C) 2020  Intel Corporation. All rights reserved.
Your use of Intel Corporation's design tools, logic functions 
and other software and tools, and any partner logic 
functions, and any output files from any of the foregoing 
(including device programming or simulation files), and any 
associated documentation or information are expressly subject 
to the terms and conditions of the Intel Program License 
Subscription Agreement, the Intel Quartus Prime License Agreement,
the Intel FPGA IP License Agreement, or other applicable license
agreement, including, without limitation, that your use is for
the sole purpose of programming logic devices manufactured by
Intel and sold by Intel or its authorized distributors.  Please
refer to the applicable agreement for further details, at
https://fpgasoftware.intel.com/eula.



+---------------------------------------------------------------------------+
; Analysis & Synthesis Summary                                              ;
+-----------------------------+---------------------------------------------+
; Analysis & Synthesis Status ; Successful - Wed Apr 19 13:55:10 2023       ;
; Quartus Prime Version       ; 20.1.1 Build 720 11/11/2020 SJ Lite Edition ;
; Revision Name               ; sram                                        ;
; Top-level Entity Name       ; sram                                        ;
; Family                      ; MAX V                                       ;
; Total logic elements        ; 64                                          ;
; Total pins                  ; 76                                          ;
; Total virtual pins          ; 0                                           ;
; UFM blocks                  ; 0 / 1 ( 0 % )                               ;
+-----------------------------+---------------------------------------------+


+------------------------------------------------------------------------------------------------------------+
; Analysis & Synthesis Settings                                                                              ;
+------------------------------------------------------------------+--------------------+--------------------+
; Option                                                           ; Setting            ; Default Value      ;
+------------------------------------------------------------------+--------------------+--------------------+
; Top-level entity name                                            ; sram               ; sram               ;
; Family name                                                      ; MAX V              ; Cyclone V          ;
; Use smart compilation                                            ; Off                ; Off                ;
; Enable parallel Assembler and Timing Analyzer during compilation ; On                 ; On                 ;
; Enable compact report table                                      ; Off                ; Off                ;
; Restructure Multiplexers                                         ; Auto               ; Auto               ;
; Create Debugging Nodes for IP Cores                              ; Off                ; Off                ;
; Preserve fewer node names                                        ; On                 ; On                 ;
; Intel FPGA IP Evaluation Mode                                    ; Enable             ; Enable             ;
; Verilog Version                                                  ; Verilog_2001       ; Verilog_2001       ;
; VHDL Version                                                     ; VHDL_1993          ; VHDL_1993          ;
; State Machine Processing                                         ; Auto               ; Auto               ;
; Safe State Machine                                               ; Off                ; Off                ;
; Extract Verilog State Machines                                   ; On                 ; On                 ;
; Extract VHDL State Machines                                      ; On                 ; On                 ;
; Ignore Verilog initial constructs                                ; Off                ; Off                ;
; Iteration limit for constant Verilog loops                       ; 5000               ; 5000               ;
; Iteration limit for non-constant Verilog loops                   ; 250                ; 250                ;
; Add Pass-Through Logic to Inferred RAMs                          ; On                 ; On                 ;
; Infer RAMs from Raw Logic                                        ; On                 ; On                 ;
; Parallel Synthesis                                               ; On                 ; On                 ;
; NOT Gate Push-Back                                               ; On                 ; On                 ;
; Power-Up Don't Care                                              ; On                 ; On                 ;
; Remove Redundant Logic Cells                                     ; Off                ; Off                ;
; Remove Duplicate Registers                                       ; On                 ; On                 ;
; Ignore CARRY Buffers                                             ; Off                ; Off                ;
; Ignore CASCADE Buffers                                           ; Off                ; Off                ;
; Ignore GLOBAL Buffers                                            ; Off                ; Off                ;
; Ignore ROW GLOBAL Buffers                                        ; Off                ; Off                ;
; Ignore LCELL Buffers                                             ; Off                ; Off                ;
; Ignore SOFT Buffers                                              ; On                 ; On                 ;
; Limit AHDL Integers to 32 Bits                                   ; Off                ; Off                ;
; Optimization Technique                                           ; Balanced           ; Balanced           ;
; Carry Chain Length                                               ; 70                 ; 70                 ;
; Auto Carry Chains                                                ; On                 ; On                 ;
; Auto Open-Drain Pins                                             ; On                 ; On                 ;
; Perform WYSIWYG Primitive Resynthesis                            ; Off                ; Off                ;
; Auto Shift Register Replacement                                  ; Auto               ; Auto               ;
; Allow Shift Register Merging across Hierarchies                  ; Auto               ; Auto               ;
; Auto Clock Enable Replacement                                    ; On                 ; On                 ;
; Allow Synchronous Control Signals                                ; On                 ; On                 ;
; Force Use of Synchronous Clear Signals                           ; Off                ; Off                ;
; Auto Resource Sharing                                            ; Off                ; Off                ;
; Use LogicLock Constraints during Resource Balancing              ; On                 ; On                 ;
; Ignore translate_off and synthesis_off directives                ; Off                ; Off                ;
; Report Parameter Settings                                        ; On                 ; On                 ;
; Report Source Assignments                                        ; On                 ; On                 ;
; Report Connectivity Checks                                       ; On                 ; On                 ;
; Ignore Maximum Fan-Out Assignments                               ; Off                ; Off                ;
; Synchronization Register Chain Length                            ; 2                  ; 2                  ;
; Power Optimization During Synthesis                              ; Normal compilation ; Normal compilation ;
; HDL message level                                                ; Level2             ; Level2             ;
; Suppress Register Optimization Related Messages                  ; Off                ; Off                ;
; Number of Removed Registers Reported in Synthesis Report         ; 5000               ; 5000               ;
; Number of Swept Nodes Reported in Synthesis Report               ; 5000               ; 5000               ;
; Number of Inverted Registers Reported in Synthesis Report        ; 100                ; 100                ;
; Clock MUX Protection                                             ; On                 ; On                 ;
; Block Design Naming                                              ; Auto               ; Auto               ;
; Synthesis Effort                                                 ; Auto               ; Auto               ;
; Shift Register Replacement - Allow Asynchronous Clear Signal     ; On                 ; On                 ;
; Analysis & Synthesis Message Level                               ; Medium             ; Medium             ;
; Disable Register Merging Across Hierarchies                      ; Auto               ; Auto               ;
+------------------------------------------------------------------+--------------------+--------------------+


+------------------------------------------+
; Parallel Compilation                     ;
+----------------------------+-------------+
; Processors                 ; Number      ;
+----------------------------+-------------+
; Number detected on machine ; 16          ;
; Maximum allowed            ; 8           ;
;                            ;             ;
; Average used               ; 1.00        ;
; Maximum used               ; 1           ;
;                            ;             ;
; Usage by Processor         ; % Time Used ;
;     Processor 1            ; 100.0%      ;
+----------------------------+-------------+


+--------------------------------------------------------------------------------------------------------------------------------------------+
; Analysis & Synthesis Source Files Read                                                                                                     ;
+----------------------------------+-----------------+------------------------+----------------------------------------------------+---------+
; File Name with User-Entered Path ; Used in Netlist ; File Type              ; File Name with Absolute Path                       ; Library ;
+----------------------------------+-----------------+------------------------+----------------------------------------------------+---------+
; ../Async_sram.v                  ; yes             ; User Verilog HDL File  ; E:/Projects/Async_FIFO/SRAM_Asyn_FIFO/Async_sram.v ;         ;
+----------------------------------+-----------------+------------------------+----------------------------------------------------+---------+


+-----------------------------------------------------+
; Analysis & Synthesis Resource Usage Summary         ;
+---------------------------------------------+-------+
; Resource                                    ; Usage ;
+---------------------------------------------+-------+
; Total logic elements                        ; 64    ;
;     -- Combinational with no register       ; 0     ;
;     -- Register only                        ; 0     ;
;     -- Combinational with a register        ; 64    ;
;                                             ;       ;
; Logic element usage by number of LUT inputs ;       ;
;     -- 4 input functions                    ; 0     ;
;     -- 3 input functions                    ; 32    ;
;     -- 2 input functions                    ; 32    ;
;     -- 1 input functions                    ; 0     ;
;     -- 0 input functions                    ; 0     ;
;                                             ;       ;
; Logic elements by mode                      ;       ;
;     -- normal mode                          ; 64    ;
;     -- arithmetic mode                      ; 0     ;
;     -- qfbk mode                            ; 0     ;
;     -- register cascade mode                ; 0     ;
;     -- synchronous clear/load mode          ; 32    ;
;     -- asynchronous clear/load mode         ; 0     ;
;                                             ;       ;
; Total registers                             ; 64    ;
; I/O pins                                    ; 76    ;
; Maximum fan-out node                        ; rdclk ;
; Maximum fan-out                             ; 32    ;
; Total fan-out                               ; 288   ;
; Average fan-out                             ; 2.06  ;
+---------------------------------------------+-------+


+------------------------------------------------------------------------------------------------------------------------------------------------------------------------------------------------------------------------------------+
; Analysis & Synthesis Resource Utilization by Entity                                                                                                                                                                                ;
+----------------------------+-------------+--------------+------------+------+--------------+--------------+-------------------+------------------+-----------------+------------+---------------------+-------------+--------------+
; Compilation Hierarchy Node ; Logic Cells ; LC Registers ; UFM Blocks ; Pins ; Virtual Pins ; LUT-Only LCs ; Register-Only LCs ; LUT/Register LCs ; Carry Chain LCs ; Packed LCs ; Full Hierarchy Name ; Entity Name ; Library Name ;
+----------------------------+-------------+--------------+------------+------+--------------+--------------+-------------------+------------------+-----------------+------------+---------------------+-------------+--------------+
; |sram                      ; 64 (64)     ; 64           ; 0          ; 76   ; 0            ; 0 (0)        ; 0 (0)             ; 64 (64)          ; 0 (0)           ; 0 (0)      ; |sram               ; sram        ; work         ;
+----------------------------+-------------+--------------+------------+------+--------------+--------------+-------------------+------------------+-----------------+------------+---------------------+-------------+--------------+
Note: For table entries with two numbers listed, the numbers in parentheses indicate the number of resources of the given type used by the specific entity alone. The numbers listed outside of parentheses indicate the total resources of the given type used by the specific entity and all of its sub-entities in the hierarchy.


+---------------------------------------------------------------------------------+
; Registers Removed During Synthesis                                              ;
+----------------------------------------+----------------------------------------+
; Register name                          ; Reason for Removal                     ;
+----------------------------------------+----------------------------------------+
; mem~32                                 ; Stuck at GND due to stuck port data_in ;
; mem~64                                 ; Stuck at GND due to stuck port data_in ;
; mem~96                                 ; Stuck at GND due to stuck port data_in ;
; mem~33                                 ; Stuck at GND due to stuck port data_in ;
; mem~65                                 ; Stuck at GND due to stuck port data_in ;
; mem~97                                 ; Stuck at GND due to stuck port data_in ;
; mem~34                                 ; Stuck at GND due to stuck port data_in ;
; mem~66                                 ; Stuck at GND due to stuck port data_in ;
; mem~98                                 ; Stuck at GND due to stuck port data_in ;
; mem~35                                 ; Stuck at GND due to stuck port data_in ;
; mem~67                                 ; Stuck at GND due to stuck port data_in ;
; mem~99                                 ; Stuck at GND due to stuck port data_in ;
; mem~36                                 ; Stuck at GND due to stuck port data_in ;
; mem~68                                 ; Stuck at GND due to stuck port data_in ;
; mem~100                                ; Stuck at GND due to stuck port data_in ;
; mem~37                                 ; Stuck at GND due to stuck port data_in ;
; mem~69                                 ; Stuck at GND due to stuck port data_in ;
; mem~101                                ; Stuck at GND due to stuck port data_in ;
; mem~38                                 ; Stuck at GND due to stuck port data_in ;
; mem~70                                 ; Stuck at GND due to stuck port data_in ;
; mem~102                                ; Stuck at GND due to stuck port data_in ;
; mem~39                                 ; Stuck at GND due to stuck port data_in ;
; mem~71                                 ; Stuck at GND due to stuck port data_in ;
; mem~103                                ; Stuck at GND due to stuck port data_in ;
; mem~40                                 ; Stuck at GND due to stuck port data_in ;
; mem~72                                 ; Stuck at GND due to stuck port data_in ;
; mem~104                                ; Stuck at GND due to stuck port data_in ;
; mem~41                                 ; Stuck at GND due to stuck port data_in ;
; mem~73                                 ; Stuck at GND due to stuck port data_in ;
; mem~105                                ; Stuck at GND due to stuck port data_in ;
; mem~42                                 ; Stuck at GND due to stuck port data_in ;
; mem~74                                 ; Stuck at GND due to stuck port data_in ;
; mem~106                                ; Stuck at GND due to stuck port data_in ;
; mem~43                                 ; Stuck at GND due to stuck port data_in ;
; mem~75                                 ; Stuck at GND due to stuck port data_in ;
; mem~107                                ; Stuck at GND due to stuck port data_in ;
; mem~44                                 ; Stuck at GND due to stuck port data_in ;
; mem~76                                 ; Stuck at GND due to stuck port data_in ;
; mem~108                                ; Stuck at GND due to stuck port data_in ;
; mem~45                                 ; Stuck at GND due to stuck port data_in ;
; mem~77                                 ; Stuck at GND due to stuck port data_in ;
; mem~109                                ; Stuck at GND due to stuck port data_in ;
; mem~46                                 ; Stuck at GND due to stuck port data_in ;
; mem~78                                 ; Stuck at GND due to stuck port data_in ;
; mem~110                                ; Stuck at GND due to stuck port data_in ;
; mem~47                                 ; Stuck at GND due to stuck port data_in ;
; mem~79                                 ; Stuck at GND due to stuck port data_in ;
; mem~111                                ; Stuck at GND due to stuck port data_in ;
; mem~48                                 ; Stuck at GND due to stuck port data_in ;
; mem~80                                 ; Stuck at GND due to stuck port data_in ;
; mem~112                                ; Stuck at GND due to stuck port data_in ;
; mem~49                                 ; Stuck at GND due to stuck port data_in ;
; mem~81                                 ; Stuck at GND due to stuck port data_in ;
; mem~113                                ; Stuck at GND due to stuck port data_in ;
; mem~50                                 ; Stuck at GND due to stuck port data_in ;
; mem~82                                 ; Stuck at GND due to stuck port data_in ;
; mem~114                                ; Stuck at GND due to stuck port data_in ;
; mem~51                                 ; Stuck at GND due to stuck port data_in ;
; mem~83                                 ; Stuck at GND due to stuck port data_in ;
; mem~115                                ; Stuck at GND due to stuck port data_in ;
; mem~52                                 ; Stuck at GND due to stuck port data_in ;
; mem~84                                 ; Stuck at GND due to stuck port data_in ;
; mem~116                                ; Stuck at GND due to stuck port data_in ;
; mem~53                                 ; Stuck at GND due to stuck port data_in ;
; mem~85                                 ; Stuck at GND due to stuck port data_in ;
; mem~117                                ; Stuck at GND due to stuck port data_in ;
; mem~54                                 ; Stuck at GND due to stuck port data_in ;
; mem~86                                 ; Stuck at GND due to stuck port data_in ;
; mem~118                                ; Stuck at GND due to stuck port data_in ;
; mem~55                                 ; Stuck at GND due to stuck port data_in ;
; mem~87                                 ; Stuck at GND due to stuck port data_in ;
; mem~119                                ; Stuck at GND due to stuck port data_in ;
; mem~56                                 ; Stuck at GND due to stuck port data_in ;
; mem~88                                 ; Stuck at GND due to stuck port data_in ;
; mem~120                                ; Stuck at GND due to stuck port data_in ;
; mem~57                                 ; Stuck at GND due to stuck port data_in ;
; mem~89                                 ; Stuck at GND due to stuck port data_in ;
; mem~121                                ; Stuck at GND due to stuck port data_in ;
; mem~58                                 ; Stuck at GND due to stuck port data_in ;
; mem~90                                 ; Stuck at GND due to stuck port data_in ;
; mem~122                                ; Stuck at GND due to stuck port data_in ;
; mem~59                                 ; Stuck at GND due to stuck port data_in ;
; mem~91                                 ; Stuck at GND due to stuck port data_in ;
; mem~123                                ; Stuck at GND due to stuck port data_in ;
; mem~60                                 ; Stuck at GND due to stuck port data_in ;
; mem~92                                 ; Stuck at GND due to stuck port data_in ;
; mem~124                                ; Stuck at GND due to stuck port data_in ;
; mem~61                                 ; Stuck at GND due to stuck port data_in ;
; mem~93                                 ; Stuck at GND due to stuck port data_in ;
; mem~125                                ; Stuck at GND due to stuck port data_in ;
; mem~62                                 ; Stuck at GND due to stuck port data_in ;
; mem~94                                 ; Stuck at GND due to stuck port data_in ;
; mem~126                                ; Stuck at GND due to stuck port data_in ;
; mem~63                                 ; Stuck at GND due to stuck port data_in ;
; mem~95                                 ; Stuck at GND due to stuck port data_in ;
; mem~127                                ; Stuck at GND due to stuck port data_in ;
; Total Number of Removed Registers = 96 ;                                        ;
+----------------------------------------+----------------------------------------+


+------------------------------------------------------+
; General Register Statistics                          ;
+----------------------------------------------+-------+
; Statistic                                    ; Value ;
+----------------------------------------------+-------+
; Total registers                              ; 64    ;
; Number of registers using Synchronous Clear  ; 32    ;
; Number of registers using Synchronous Load   ; 0     ;
; Number of registers using Asynchronous Clear ; 0     ;
; Number of registers using Asynchronous Load  ; 0     ;
; Number of registers using Clock Enable       ; 0     ;
; Number of registers using Preset             ; 0     ;
+----------------------------------------------+-------+


+----------------------------------------------------------------------+
; Parameter Settings for User Entity Instance: Top-level Entity: |sram ;
+----------------+-------+---------------------------------------------+
; Parameter Name ; Value ; Type                                        ;
+----------------+-------+---------------------------------------------+
; ADDR           ; 4     ; Signed Integer                              ;
; WIDTH          ; 32    ; Signed Integer                              ;
+----------------+-------+---------------------------------------------+
Note: In order to hide this table in the UI and the text report file, please set the "Show Parameter Settings in Synthesis Report" option in "Analysis and Synthesis Settings -> More Settings" to "Off".


+-------------------------------+
; Analysis & Synthesis Messages ;
+-------------------------------+
Info: *******************************************************************
Info: Running Quartus Prime Analysis & Synthesis
    Info: Version 20.1.1 Build 720 11/11/2020 SJ Lite Edition
    Info: Processing started: Wed Apr 19 13:55:01 2023
Info: Command: quartus_map --read_settings_files=on --write_settings_files=off sram -c sram
Warning (18236): Number of processors has not been specified which may cause overloading on shared machines.  Set the global assignment NUM_PARALLEL_PROCESSORS in your QSF to an appropriate value for best performance.
Info (20030): Parallel compilation is enabled and will use 8 of the 8 processors detected
Info (12021): Found 1 design units, including 1 entities, in source file /projects/async_fifo/sram_asyn_fifo/async_sram.v
    Info (12023): Found entity 1: sram File: E:/Projects/Async_FIFO/SRAM_Asyn_FIFO/Async_sram.v Line: 1
Info (12127): Elaborating entity "sram" for the top level hierarchy
Warning (21074): Design contains 6 input pin(s) that do not drive logic
    Warning (15610): No output dependent on input pin "wr_addr[0]" File: E:/Projects/Async_FIFO/SRAM_Asyn_FIFO/Async_sram.v Line: 3
    Warning (15610): No output dependent on input pin "wr_addr[1]" File: E:/Projects/Async_FIFO/SRAM_Asyn_FIFO/Async_sram.v Line: 3
    Warning (15610): No output dependent on input pin "wr_addr[2]" File: E:/Projects/Async_FIFO/SRAM_Asyn_FIFO/Async_sram.v Line: 3
    Warning (15610): No output dependent on input pin "wr_addr[3]" File: E:/Projects/Async_FIFO/SRAM_Asyn_FIFO/Async_sram.v Line: 3
    Warning (15610): No output dependent on input pin "rd_addr[2]" File: E:/Projects/Async_FIFO/SRAM_Asyn_FIFO/Async_sram.v Line: 6
    Warning (15610): No output dependent on input pin "rd_addr[3]" File: E:/Projects/Async_FIFO/SRAM_Asyn_FIFO/Async_sram.v Line: 6
Info (21057): Implemented 140 device resources after synthesis - the final resource count might be different
    Info (21058): Implemented 44 input pins
    Info (21059): Implemented 32 output pins
    Info (21061): Implemented 64 logic cells
Info: Quartus Prime Analysis & Synthesis was successful. 0 errors, 8 warnings
    Info: Peak virtual memory: 4707 megabytes
    Info: Processing ended: Wed Apr 19 13:55:10 2023
    Info: Elapsed time: 00:00:09
    Info: Total CPU time (on all processors): 00:00:11


