Analysis & Synthesis report for Async_fifo
Fri Jan 12 23:26:13 2024
Quartus Prime Version 20.1.1 Build 720 11/11/2020 SJ Lite Edition


---------------------
; Table of Contents ;
---------------------
  1. Legal Notice
  2. Analysis & Synthesis Summary
  3. Analysis & Synthesis Settings
  4. Parallel Compilation
  5. Analysis & Synthesis Source Files Read
  6. Analysis & Synthesis Resource Usage Summary
  7. Analysis & Synthesis Resource Utilization by Entity
  8. User-Specified and Inferred Latches
  9. Registers Removed During Synthesis
 10. General Register Statistics
 11. Multiplexer Restructuring Statistics (Restructuring Performed)
 12. Parameter Settings for User Entity Instance: Top-level Entity: |Async_fifo
 13. Parameter Settings for User Entity Instance: binary_to_gray:binary_to_gray_write
 14. Parameter Settings for User Entity Instance: gray_to_binary:gray_to_binary_read
 15. Parameter Settings for User Entity Instance: binary_to_gray:binary_to_gray_read
 16. Parameter Settings for User Entity Instance: gray_to_binary:gray_to_binary_write
 17. Analysis & Synthesis Messages



----------------
; Legal Notice ;
----------------
Copyright (C) 2020  Intel Corporation. All rights reserved.
Your use of Intel Corporation's design tools, logic functions 
and other software and tools, and any partner logic 
functions, and any output files from any of the foregoing 
(including device programming or simulation files), and any 
associated documentation or information are expressly subject 
to the terms and conditions of the Intel Program License 
Subscription Agreement, the Intel Quartus Prime License Agreement,
the Intel FPGA IP License Agreement, or other applicable license
agreement, including, without limitation, that your use is for
the sole purpose of programming logic devices manufactured by
Intel and sold by Intel or its authorized distributors.  Please
refer to the applicable agreement for further details, at
https://fpgasoftware.intel.com/eula.



+---------------------------------------------------------------------------+
; Analysis & Synthesis Summary                                              ;
+-----------------------------+---------------------------------------------+
; Analysis & Synthesis Status ; Successful - Fri Jan 12 23:26:13 2024       ;
; Quartus Prime Version       ; 20.1.1 Build 720 11/11/2020 SJ Lite Edition ;
; Revision Name               ; Async_fifo                                  ;
; Top-level Entity Name       ; Async_fifo                                  ;
; Family                      ; MAX V                                       ;
; Total logic elements        ; 81                                          ;
; Total pins                  ; 171                                         ;
; Total virtual pins          ; 0                                           ;
; UFM blocks                  ; 0 / 1 ( 0 % )                               ;
+-----------------------------+---------------------------------------------+


+------------------------------------------------------------------------------------------------------------+
; Analysis & Synthesis Settings                                                                              ;
+------------------------------------------------------------------+--------------------+--------------------+
; Option                                                           ; Setting            ; Default Value      ;
+------------------------------------------------------------------+--------------------+--------------------+
; Top-level entity name                                            ; Async_fifo         ; Async_fifo         ;
; Family name                                                      ; MAX V              ; Cyclone V          ;
; Use smart compilation                                            ; Off                ; Off                ;
; Enable parallel Assembler and Timing Analyzer during compilation ; On                 ; On                 ;
; Enable compact report table                                      ; Off                ; Off                ;
; Restructure Multiplexers                                         ; Auto               ; Auto               ;
; Create Debugging Nodes for IP Cores                              ; Off                ; Off                ;
; Preserve fewer node names                                        ; On                 ; On                 ;
; Intel FPGA IP Evaluation Mode                                    ; Enable             ; Enable             ;
; Verilog Version                                                  ; Verilog_2001       ; Verilog_2001       ;
; VHDL Version                                                     ; VHDL_1993          ; VHDL_1993          ;
; State Machine Processing                                         ; Auto               ; Auto               ;
; Safe State Machine                                               ; Off                ; Off                ;
; Extract Verilog State Machines                                   ; On                 ; On                 ;
; Extract VHDL State Machines                                      ; On                 ; On                 ;
; Ignore Verilog initial constructs                                ; Off                ; Off                ;
; Iteration limit for constant Verilog loops                       ; 5000               ; 5000               ;
; Iteration limit for non-constant Verilog loops                   ; 250                ; 250                ;
; Add Pass-Through Logic to Inferred RAMs                          ; On                 ; On                 ;
; Infer RAMs from Raw Logic                                        ; On                 ; On                 ;
; Parallel Synthesis                                               ; On                 ; On                 ;
; NOT Gate Push-Back                                               ; On                 ; On                 ;
; Power-Up Don't Care                                              ; On                 ; On                 ;
; Remove Redundant Logic Cells                                     ; Off                ; Off                ;
; Remove Duplicate Registers                                       ; On                 ; On                 ;
; Ignore CARRY Buffers                                             ; Off                ; Off                ;
; Ignore CASCADE Buffers                                           ; Off                ; Off                ;
; Ignore GLOBAL Buffers                                            ; Off                ; Off                ;
; Ignore ROW GLOBAL Buffers                                        ; Off                ; Off                ;
; Ignore LCELL Buffers                                             ; Off                ; Off                ;
; Ignore SOFT Buffers                                              ; On                 ; On                 ;
; Limit AHDL Integers to 32 Bits                                   ; Off                ; Off                ;
; Optimization Technique                                           ; Balanced           ; Balanced           ;
; Carry Chain Length                                               ; 70                 ; 70                 ;
; Auto Carry Chains                                                ; On                 ; On                 ;
; Auto Open-Drain Pins                                             ; On                 ; On                 ;
; Perform WYSIWYG Primitive Resynthesis                            ; Off                ; Off                ;
; Auto Shift Register Replacement                                  ; Auto               ; Auto               ;
; Allow Shift Register Merging across Hierarchies                  ; Auto               ; Auto               ;
; Auto Clock Enable Replacement                                    ; On                 ; On                 ;
; Allow Synchronous Control Signals                                ; On                 ; On                 ;
; Force Use of Synchronous Clear Signals                           ; Off                ; Off                ;
; Auto Resource Sharing                                            ; Off                ; Off                ;
; Use LogicLock Constraints during Resource Balancing              ; On                 ; On                 ;
; Ignore translate_off and synthesis_off directives                ; Off                ; Off                ;
; Report Parameter Settings                                        ; On                 ; On                 ;
; Report Source Assignments                                        ; On                 ; On                 ;
; Report Connectivity Checks                                       ; On                 ; On                 ;
; Ignore Maximum Fan-Out Assignments                               ; Off                ; Off                ;
; Synchronization Register Chain Length                            ; 2                  ; 2                  ;
; Power Optimization During Synthesis                              ; Normal compilation ; Normal compilation ;
; HDL message level                                                ; Level2             ; Level2             ;
; Suppress Register Optimization Related Messages                  ; Off                ; Off                ;
; Number of Removed Registers Reported in Synthesis Report         ; 5000               ; 5000               ;
; Number of Swept Nodes Reported in Synthesis Report               ; 5000               ; 5000               ;
; Number of Inverted Registers Reported in Synthesis Report        ; 100                ; 100                ;
; Clock MUX Protection                                             ; On                 ; On                 ;
; Block Design Naming                                              ; Auto               ; Auto               ;
; Synthesis Effort                                                 ; Auto               ; Auto               ;
; Shift Register Replacement - Allow Asynchronous Clear Signal     ; On                 ; On                 ;
; Analysis & Synthesis Message Level                               ; Medium             ; Medium             ;
; Disable Register Merging Across Hierarchies                      ; Auto               ; Auto               ;
+------------------------------------------------------------------+--------------------+--------------------+


+------------------------------------------+
; Parallel Compilation                     ;
+----------------------------+-------------+
; Processors                 ; Number      ;
+----------------------------+-------------+
; Number detected on machine ; 16          ;
; Maximum allowed            ; 8           ;
;                            ;             ;
; Average used               ; 1.00        ;
; Maximum used               ; 1           ;
;                            ;             ;
; Usage by Processor         ; % Time Used ;
;     Processor 1            ; 100.0%      ;
+----------------------------+-------------+


+--------------------------------------------------------------------------------------------------------------------------------------------+
; Analysis & Synthesis Source Files Read                                                                                                     ;
+----------------------------------+-----------------+------------------------+----------------------------------------------------+---------+
; File Name with User-Entered Path ; Used in Netlist ; File Type              ; File Name with Absolute Path                       ; Library ;
+----------------------------------+-----------------+------------------------+----------------------------------------------------+---------+
; ../Async_fifo.v                  ; yes             ; User Verilog HDL File  ; E:/Projects/Sync_FIFO/SELF/ASYNC_FIFO/Async_fifo.v ;         ;
+----------------------------------+-----------------+------------------------+----------------------------------------------------+---------+


+-----------------------------------------------------+
; Analysis & Synthesis Resource Usage Summary         ;
+---------------------------------------------+-------+
; Resource                                    ; Usage ;
+---------------------------------------------+-------+
; Total logic elements                        ; 81    ;
;     -- Combinational with no register       ; 69    ;
;     -- Register only                        ; 10    ;
;     -- Combinational with a register        ; 2     ;
;                                             ;       ;
; Logic element usage by number of LUT inputs ;       ;
;     -- 4 input functions                    ; 46    ;
;     -- 3 input functions                    ; 10    ;
;     -- 2 input functions                    ; 15    ;
;     -- 1 input functions                    ; 0     ;
;     -- 0 input functions                    ; 0     ;
;                                             ;       ;
; Logic elements by mode                      ;       ;
;     -- normal mode                          ; 73    ;
;     -- arithmetic mode                      ; 8     ;
;     -- qfbk mode                            ; 0     ;
;     -- register cascade mode                ; 0     ;
;     -- synchronous clear/load mode          ; 0     ;
;     -- asynchronous clear/load mode         ; 12    ;
;                                             ;       ;
; Total registers                             ; 12    ;
; Total logic cells in carry chains           ; 10    ;
; I/O pins                                    ; 171   ;
; Maximum fan-out node                        ; wrclk ;
; Maximum fan-out                             ; 6     ;
; Total fan-out                               ; 280   ;
; Average fan-out                             ; 1.11  ;
+---------------------------------------------+-------+


+------------------------------------------------------------------------------------------------------------------------------------------------------------------------------------------------------------------------------------+
; Analysis & Synthesis Resource Utilization by Entity                                                                                                                                                                                ;
+----------------------------+-------------+--------------+------------+------+--------------+--------------+-------------------+------------------+-----------------+------------+---------------------+-------------+--------------+
; Compilation Hierarchy Node ; Logic Cells ; LC Registers ; UFM Blocks ; Pins ; Virtual Pins ; LUT-Only LCs ; Register-Only LCs ; LUT/Register LCs ; Carry Chain LCs ; Packed LCs ; Full Hierarchy Name ; Entity Name ; Library Name ;
+----------------------------+-------------+--------------+------------+------+--------------+--------------+-------------------+------------------+-----------------+------------+---------------------+-------------+--------------+
; |Async_fifo                ; 81 (81)     ; 12           ; 0          ; 171  ; 0            ; 69 (69)      ; 10 (10)           ; 2 (2)            ; 10 (10)         ; 0 (0)      ; |Async_fifo         ; Async_fifo  ; work         ;
+----------------------------+-------------+--------------+------------+------+--------------+--------------+-------------------+------------------+-----------------+------------+---------------------+-------------+--------------+
Note: For table entries with two numbers listed, the numbers in parentheses indicate the number of resources of the given type used by the specific entity alone. The numbers listed outside of parentheses indicate the total resources of the given type used by the specific entity and all of its sub-entities in the hierarchy.


+----------------------------------------------------------------------------------------------------+
; User-Specified and Inferred Latches                                                                ;
+-----------------------------------------------------+---------------------+------------------------+
; Latch Name                                          ; Latch Enable Signal ; Free of Timing Hazards ;
+-----------------------------------------------------+---------------------+------------------------+
; wrptr_snapshot_temp[4]                              ; WideOr2             ; yes                    ;
; wrptr_snapshot_temp[3]                              ; WideOr2             ; yes                    ;
; wrptr_snapshot_temp[2]                              ; WideOr2             ; yes                    ;
; wrptr_snapshot_temp[1]                              ; WideOr2             ; yes                    ;
; wrptr_snapshot_temp[0]                              ; WideOr2             ; yes                    ;
; rdptr_snapshot_temp[4]                              ; sanpshot_rdptr      ; yes                    ;
; rdptr_snapshot_temp[3]                              ; sanpshot_rdptr      ; yes                    ;
; rdptr_snapshot_temp[2]                              ; sanpshot_rdptr      ; yes                    ;
; rdptr_snapshot_temp[1]                              ; sanpshot_rdptr      ; yes                    ;
; rdptr_snapshot_temp[0]                              ; sanpshot_rdptr      ; yes                    ;
; Number of user-specified and inferred latches = 10  ;                     ;                        ;
+-----------------------------------------------------+---------------------+------------------------+
Note: All latches listed above may not be present at the end of synthesis due to various synthesis optimizations.


+--------------------------------------------------------------------------------+
; Registers Removed During Synthesis                                             ;
+---------------------------------------+----------------------------------------+
; Register name                         ; Reason for Removal                     ;
+---------------------------------------+----------------------------------------+
; wrptr_wrap_binary[0]                  ; Stuck at GND due to stuck port data_in ;
; rdptr_wrap_binary[0]                  ; Stuck at GND due to stuck port data_in ;
; wrptr_wrap_binary[1]                  ; Stuck at GND due to stuck port data_in ;
; rdptr_wrap_binary[1]                  ; Stuck at GND due to stuck port data_in ;
; wrptr_wrap_binary[2]                  ; Stuck at GND due to stuck port data_in ;
; rdptr_wrap_binary[2]                  ; Stuck at GND due to stuck port data_in ;
; wrptr_wrap_binary[3]                  ; Stuck at GND due to stuck port data_in ;
; rdptr_wrap_binary[3]                  ; Stuck at GND due to stuck port data_in ;
; Total Number of Removed Registers = 8 ;                                        ;
+---------------------------------------+----------------------------------------+


+------------------------------------------------------+
; General Register Statistics                          ;
+----------------------------------------------+-------+
; Statistic                                    ; Value ;
+----------------------------------------------+-------+
; Total registers                              ; 12    ;
; Number of registers using Synchronous Clear  ; 0     ;
; Number of registers using Synchronous Load   ; 0     ;
; Number of registers using Asynchronous Clear ; 12    ;
; Number of registers using Asynchronous Load  ; 0     ;
; Number of registers using Clock Enable       ; 0     ;
; Number of registers using Preset             ; 0     ;
+----------------------------------------------+-------+


+----------------------------------------------------------------------------------------------------------------------------------------------+
; Multiplexer Restructuring Statistics (Restructuring Performed)                                                                               ;
+--------------------+-----------+---------------+----------------------+------------------------+------------+--------------------------------+
; Multiplexer Inputs ; Bus Width ; Baseline Area ; Area if Restructured ; Saving if Restructured ; Registered ; Example Multiplexer Output     ;
+--------------------+-----------+---------------+----------------------+------------------------+------------+--------------------------------+
; 5:1                ; 5 bits    ; 15 LEs        ; 15 LEs               ; 0 LEs                  ; No         ; |Async_fifo|wrptr_wrap_temp[4] ;
; 5:1                ; 5 bits    ; 15 LEs        ; 15 LEs               ; 0 LEs                  ; No         ; |Async_fifo|rdptr_wrap_temp[4] ;
+--------------------+-----------+---------------+----------------------+------------------------+------------+--------------------------------+


+----------------------------------------------------------------------------+
; Parameter Settings for User Entity Instance: Top-level Entity: |Async_fifo ;
+----------------+-------+---------------------------------------------------+
; Parameter Name ; Value ; Type                                              ;
+----------------+-------+---------------------------------------------------+
; PTR            ; 4     ; Signed Integer                                    ;
; WIDTH          ; 32    ; Signed Integer                                    ;
; DEPTH          ; 16    ; Signed Integer                                    ;
+----------------+-------+---------------------------------------------------+
Note: In order to hide this table in the UI and the text report file, please set the "Show Parameter Settings in Synthesis Report" option in "Analysis and Synthesis Settings -> More Settings" to "Off".


+----------------------------------------------------------------------------------+
; Parameter Settings for User Entity Instance: binary_to_gray:binary_to_gray_write ;
+----------------+-------+---------------------------------------------------------+
; Parameter Name ; Value ; Type                                                    ;
+----------------+-------+---------------------------------------------------------+
; PTR            ; 4     ; Signed Integer                                          ;
+----------------+-------+---------------------------------------------------------+
Note: In order to hide this table in the UI and the text report file, please set the "Show Parameter Settings in Synthesis Report" option in "Analysis and Synthesis Settings -> More Settings" to "Off".


+---------------------------------------------------------------------------------+
; Parameter Settings for User Entity Instance: gray_to_binary:gray_to_binary_read ;
+----------------+-------+--------------------------------------------------------+
; Parameter Name ; Value ; Type                                                   ;
+----------------+-------+--------------------------------------------------------+
; PTR            ; 4     ; Signed Integer                                         ;
+----------------+-------+--------------------------------------------------------+
Note: In order to hide this table in the UI and the text report file, please set the "Show Parameter Settings in Synthesis Report" option in "Analysis and Synthesis Settings -> More Settings" to "Off".


+---------------------------------------------------------------------------------+
; Parameter Settings for User Entity Instance: binary_to_gray:binary_to_gray_read ;
+----------------+-------+--------------------------------------------------------+
; Parameter Name ; Value ; Type                                                   ;
+----------------+-------+--------------------------------------------------------+
; PTR            ; 4     ; Signed Integer                                         ;
+----------------+-------+--------------------------------------------------------+
Note: In order to hide this table in the UI and the text report file, please set the "Show Parameter Settings in Synthesis Report" option in "Analysis and Synthesis Settings -> More Settings" to "Off".


+----------------------------------------------------------------------------------+
; Parameter Settings for User Entity Instance: gray_to_binary:gray_to_binary_write ;
+----------------+-------+---------------------------------------------------------+
; Parameter Name ; Value ; Type                                                    ;
+----------------+-------+---------------------------------------------------------+
; PTR            ; 4     ; Signed Integer                                          ;
+----------------+-------+---------------------------------------------------------+
Note: In order to hide this table in the UI and the text report file, please set the "Show Parameter Settings in Synthesis Report" option in "Analysis and Synthesis Settings -> More Settings" to "Off".


+-------------------------------+
; Analysis & Synthesis Messages ;
+-------------------------------+
Info: *******************************************************************
Info: Running Quartus Prime Analysis & Synthesis
    Info: Version 20.1.1 Build 720 11/11/2020 SJ Lite Edition
    Info: Processing started: Fri Jan 12 23:25:59 2024
Info: Command: quartus_map --read_settings_files=on --write_settings_files=off Async_fifo -c Async_fifo
Warning (18236): Number of processors has not been specified which may cause overloading on shared machines.  Set the global assignment NUM_PARALLEL_PROCESSORS in your QSF to an appropriate value for best performance.
Info (20030): Parallel compilation is enabled and will use 8 of the 8 processors detected
Info (12021): Found 4 design units, including 4 entities, in source file /projects/sync_fifo/self/async_fifo/async_fifo.v
    Info (12023): Found entity 1: Async_fifo File: E:/Projects/Sync_FIFO/SELF/ASYNC_FIFO/Async_fifo.v Line: 1
    Info (12023): Found entity 2: binary_to_gray File: E:/Projects/Sync_FIFO/SELF/ASYNC_FIFO/Async_fifo.v Line: 307
    Info (12023): Found entity 3: gray_to_binary File: E:/Projects/Sync_FIFO/SELF/ASYNC_FIFO/Async_fifo.v Line: 316
    Info (12023): Found entity 4: GB File: E:/Projects/Sync_FIFO/SELF/ASYNC_FIFO/Async_fifo.v Line: 335
Info (12127): Elaborating entity "Async_fifo" for the top level hierarchy
Warning (10036): Verilog HDL or VHDL warning at Async_fifo.v(16): object "wrptr_snapshot" assigned a value but never read File: E:/Projects/Sync_FIFO/SELF/ASYNC_FIFO/Async_fifo.v Line: 16
Warning (10036): Verilog HDL or VHDL warning at Async_fifo.v(18): object "wr_ptr" assigned a value but never read File: E:/Projects/Sync_FIFO/SELF/ASYNC_FIFO/Async_fifo.v Line: 18
Warning (10036): Verilog HDL or VHDL warning at Async_fifo.v(23): object "rdptr_snapshot" assigned a value but never read File: E:/Projects/Sync_FIFO/SELF/ASYNC_FIFO/Async_fifo.v Line: 23
Warning (10036): Verilog HDL or VHDL warning at Async_fifo.v(25): object "rd_ptr" assigned a value but never read File: E:/Projects/Sync_FIFO/SELF/ASYNC_FIFO/Async_fifo.v Line: 25
Warning (10036): Verilog HDL or VHDL warning at Async_fifo.v(128): object "wrptr_wrap_gray_sync2" assigned a value but never read File: E:/Projects/Sync_FIFO/SELF/ASYNC_FIFO/Async_fifo.v Line: 128
Warning (10036): Verilog HDL or VHDL warning at Async_fifo.v(210): object "rdptr_wrap_sync2" assigned a value but never read File: E:/Projects/Sync_FIFO/SELF/ASYNC_FIFO/Async_fifo.v Line: 210
Warning (10230): Verilog HDL assignment warning at Async_fifo.v(41): truncated value with size 32 to match size of target (5) File: E:/Projects/Sync_FIFO/SELF/ASYNC_FIFO/Async_fifo.v Line: 41
Warning (10230): Verilog HDL assignment warning at Async_fifo.v(171): truncated value with size 32 to match size of target (5) File: E:/Projects/Sync_FIFO/SELF/ASYNC_FIFO/Async_fifo.v Line: 171
Warning (10230): Verilog HDL assignment warning at Async_fifo.v(240): truncated value with size 5 to match size of target (4) File: E:/Projects/Sync_FIFO/SELF/ASYNC_FIFO/Async_fifo.v Line: 240
Warning (10230): Verilog HDL assignment warning at Async_fifo.v(241): truncated value with size 5 to match size of target (4) File: E:/Projects/Sync_FIFO/SELF/ASYNC_FIFO/Async_fifo.v Line: 241
Warning (10034): Output port "read_data" at Async_fifo.v(12) has no driver File: E:/Projects/Sync_FIFO/SELF/ASYNC_FIFO/Async_fifo.v Line: 12
Info (10041): Inferred latch for "rdptr_snapshot_temp[0]" at Async_fifo.v(175) File: E:/Projects/Sync_FIFO/SELF/ASYNC_FIFO/Async_fifo.v Line: 175
Info (10041): Inferred latch for "rdptr_snapshot_temp[1]" at Async_fifo.v(175) File: E:/Projects/Sync_FIFO/SELF/ASYNC_FIFO/Async_fifo.v Line: 175
Info (10041): Inferred latch for "rdptr_snapshot_temp[2]" at Async_fifo.v(175) File: E:/Projects/Sync_FIFO/SELF/ASYNC_FIFO/Async_fifo.v Line: 175
Info (10041): Inferred latch for "rdptr_snapshot_temp[3]" at Async_fifo.v(175) File: E:/Projects/Sync_FIFO/SELF/ASYNC_FIFO/Async_fifo.v Line: 175
Info (10041): Inferred latch for "rdptr_snapshot_temp[4]" at Async_fifo.v(175) File: E:/Projects/Sync_FIFO/SELF/ASYNC_FIFO/Async_fifo.v Line: 175
Info (10041): Inferred latch for "wrptr_snapshot_temp[0]" at Async_fifo.v(45) File: E:/Projects/Sync_FIFO/SELF/ASYNC_FIFO/Async_fifo.v Line: 45
Info (10041): Inferred latch for "wrptr_snapshot_temp[1]" at Async_fifo.v(45) File: E:/Projects/Sync_FIFO/SELF/ASYNC_FIFO/Async_fifo.v Line: 45
Info (10041): Inferred latch for "wrptr_snapshot_temp[2]" at Async_fifo.v(45) File: E:/Projects/Sync_FIFO/SELF/ASYNC_FIFO/Async_fifo.v Line: 45
Info (10041): Inferred latch for "wrptr_snapshot_temp[3]" at Async_fifo.v(45) File: E:/Projects/Sync_FIFO/SELF/ASYNC_FIFO/Async_fifo.v Line: 45
Info (10041): Inferred latch for "wrptr_snapshot_temp[4]" at Async_fifo.v(45) File: E:/Projects/Sync_FIFO/SELF/ASYNC_FIFO/Async_fifo.v Line: 45
Info (12128): Elaborating entity "binary_to_gray" for hierarchy "binary_to_gray:binary_to_gray_write" File: E:/Projects/Sync_FIFO/SELF/ASYNC_FIFO/Async_fifo.v Line: 65
Info (12128): Elaborating entity "gray_to_binary" for hierarchy "gray_to_binary:gray_to_binary_read" File: E:/Projects/Sync_FIFO/SELF/ASYNC_FIFO/Async_fifo.v Line: 148
Warning (10034): Output port "binary_value[4]" at Async_fifo.v(318) has no driver File: E:/Projects/Sync_FIFO/SELF/ASYNC_FIFO/Async_fifo.v Line: 318
Info (12128): Elaborating entity "GB" for hierarchy "gray_to_binary:gray_to_binary_read|GB:A" File: E:/Projects/Sync_FIFO/SELF/ASYNC_FIFO/Async_fifo.v Line: 322
Warning (13024): Output pins are stuck at VCC or GND
    Warning (13410): Pin "read_data[0]" is stuck at GND File: E:/Projects/Sync_FIFO/SELF/ASYNC_FIFO/Async_fifo.v Line: 12
    Warning (13410): Pin "read_data[1]" is stuck at GND File: E:/Projects/Sync_FIFO/SELF/ASYNC_FIFO/Async_fifo.v Line: 12
    Warning (13410): Pin "read_data[2]" is stuck at GND File: E:/Projects/Sync_FIFO/SELF/ASYNC_FIFO/Async_fifo.v Line: 12
    Warning (13410): Pin "read_data[3]" is stuck at GND File: E:/Projects/Sync_FIFO/SELF/ASYNC_FIFO/Async_fifo.v Line: 12
    Warning (13410): Pin "read_data[4]" is stuck at GND File: E:/Projects/Sync_FIFO/SELF/ASYNC_FIFO/Async_fifo.v Line: 12
    Warning (13410): Pin "read_data[5]" is stuck at GND File: E:/Projects/Sync_FIFO/SELF/ASYNC_FIFO/Async_fifo.v Line: 12
    Warning (13410): Pin "read_data[6]" is stuck at GND File: E:/Projects/Sync_FIFO/SELF/ASYNC_FIFO/Async_fifo.v Line: 12
    Warning (13410): Pin "read_data[7]" is stuck at GND File: E:/Projects/Sync_FIFO/SELF/ASYNC_FIFO/Async_fifo.v Line: 12
    Warning (13410): Pin "read_data[8]" is stuck at GND File: E:/Projects/Sync_FIFO/SELF/ASYNC_FIFO/Async_fifo.v Line: 12
    Warning (13410): Pin "read_data[9]" is stuck at GND File: E:/Projects/Sync_FIFO/SELF/ASYNC_FIFO/Async_fifo.v Line: 12
    Warning (13410): Pin "read_data[10]" is stuck at GND File: E:/Projects/Sync_FIFO/SELF/ASYNC_FIFO/Async_fifo.v Line: 12
    Warning (13410): Pin "read_data[11]" is stuck at GND File: E:/Projects/Sync_FIFO/SELF/ASYNC_FIFO/Async_fifo.v Line: 12
    Warning (13410): Pin "read_data[12]" is stuck at GND File: E:/Projects/Sync_FIFO/SELF/ASYNC_FIFO/Async_fifo.v Line: 12
    Warning (13410): Pin "read_data[13]" is stuck at GND File: E:/Projects/Sync_FIFO/SELF/ASYNC_FIFO/Async_fifo.v Line: 12
    Warning (13410): Pin "read_data[14]" is stuck at GND File: E:/Projects/Sync_FIFO/SELF/ASYNC_FIFO/Async_fifo.v Line: 12
    Warning (13410): Pin "read_data[15]" is stuck at GND File: E:/Projects/Sync_FIFO/SELF/ASYNC_FIFO/Async_fifo.v Line: 12
    Warning (13410): Pin "read_data[16]" is stuck at GND File: E:/Projects/Sync_FIFO/SELF/ASYNC_FIFO/Async_fifo.v Line: 12
    Warning (13410): Pin "read_data[17]" is stuck at GND File: E:/Projects/Sync_FIFO/SELF/ASYNC_FIFO/Async_fifo.v Line: 12
    Warning (13410): Pin "read_data[18]" is stuck at GND File: E:/Projects/Sync_FIFO/SELF/ASYNC_FIFO/Async_fifo.v Line: 12
    Warning (13410): Pin "read_data[19]" is stuck at GND File: E:/Projects/Sync_FIFO/SELF/ASYNC_FIFO/Async_fifo.v Line: 12
    Warning (13410): Pin "read_data[20]" is stuck at GND File: E:/Projects/Sync_FIFO/SELF/ASYNC_FIFO/Async_fifo.v Line: 12
    Warning (13410): Pin "read_data[21]" is stuck at GND File: E:/Projects/Sync_FIFO/SELF/ASYNC_FIFO/Async_fifo.v Line: 12
    Warning (13410): Pin "read_data[22]" is stuck at GND File: E:/Projects/Sync_FIFO/SELF/ASYNC_FIFO/Async_fifo.v Line: 12
    Warning (13410): Pin "read_data[23]" is stuck at GND File: E:/Projects/Sync_FIFO/SELF/ASYNC_FIFO/Async_fifo.v Line: 12
    Warning (13410): Pin "read_data[24]" is stuck at GND File: E:/Projects/Sync_FIFO/SELF/ASYNC_FIFO/Async_fifo.v Line: 12
    Warning (13410): Pin "read_data[25]" is stuck at GND File: E:/Projects/Sync_FIFO/SELF/ASYNC_FIFO/Async_fifo.v Line: 12
    Warning (13410): Pin "read_data[26]" is stuck at GND File: E:/Projects/Sync_FIFO/SELF/ASYNC_FIFO/Async_fifo.v Line: 12
    Warning (13410): Pin "read_data[27]" is stuck at GND File: E:/Projects/Sync_FIFO/SELF/ASYNC_FIFO/Async_fifo.v Line: 12
    Warning (13410): Pin "read_data[28]" is stuck at GND File: E:/Projects/Sync_FIFO/SELF/ASYNC_FIFO/Async_fifo.v Line: 12
    Warning (13410): Pin "read_data[29]" is stuck at GND File: E:/Projects/Sync_FIFO/SELF/ASYNC_FIFO/Async_fifo.v Line: 12
    Warning (13410): Pin "read_data[30]" is stuck at GND File: E:/Projects/Sync_FIFO/SELF/ASYNC_FIFO/Async_fifo.v Line: 12
    Warning (13410): Pin "read_data[31]" is stuck at GND File: E:/Projects/Sync_FIFO/SELF/ASYNC_FIFO/Async_fifo.v Line: 12
Warning (21074): Design contains 32 input pin(s) that do not drive logic
    Warning (15610): No output dependent on input pin "write_data[0]" File: E:/Projects/Sync_FIFO/SELF/ASYNC_FIFO/Async_fifo.v Line: 6
    Warning (15610): No output dependent on input pin "write_data[1]" File: E:/Projects/Sync_FIFO/SELF/ASYNC_FIFO/Async_fifo.v Line: 6
    Warning (15610): No output dependent on input pin "write_data[2]" File: E:/Projects/Sync_FIFO/SELF/ASYNC_FIFO/Async_fifo.v Line: 6
    Warning (15610): No output dependent on input pin "write_data[3]" File: E:/Projects/Sync_FIFO/SELF/ASYNC_FIFO/Async_fifo.v Line: 6
    Warning (15610): No output dependent on input pin "write_data[4]" File: E:/Projects/Sync_FIFO/SELF/ASYNC_FIFO/Async_fifo.v Line: 6
    Warning (15610): No output dependent on input pin "write_data[5]" File: E:/Projects/Sync_FIFO/SELF/ASYNC_FIFO/Async_fifo.v Line: 6
    Warning (15610): No output dependent on input pin "write_data[6]" File: E:/Projects/Sync_FIFO/SELF/ASYNC_FIFO/Async_fifo.v Line: 6
    Warning (15610): No output dependent on input pin "write_data[7]" File: E:/Projects/Sync_FIFO/SELF/ASYNC_FIFO/Async_fifo.v Line: 6
    Warning (15610): No output dependent on input pin "write_data[8]" File: E:/Projects/Sync_FIFO/SELF/ASYNC_FIFO/Async_fifo.v Line: 6
    Warning (15610): No output dependent on input pin "write_data[9]" File: E:/Projects/Sync_FIFO/SELF/ASYNC_FIFO/Async_fifo.v Line: 6
    Warning (15610): No output dependent on input pin "write_data[10]" File: E:/Projects/Sync_FIFO/SELF/ASYNC_FIFO/Async_fifo.v Line: 6
    Warning (15610): No output dependent on input pin "write_data[11]" File: E:/Projects/Sync_FIFO/SELF/ASYNC_FIFO/Async_fifo.v Line: 6
    Warning (15610): No output dependent on input pin "write_data[12]" File: E:/Projects/Sync_FIFO/SELF/ASYNC_FIFO/Async_fifo.v Line: 6
    Warning (15610): No output dependent on input pin "write_data[13]" File: E:/Projects/Sync_FIFO/SELF/ASYNC_FIFO/Async_fifo.v Line: 6
    Warning (15610): No output dependent on input pin "write_data[14]" File: E:/Projects/Sync_FIFO/SELF/ASYNC_FIFO/Async_fifo.v Line: 6
    Warning (15610): No output dependent on input pin "write_data[15]" File: E:/Projects/Sync_FIFO/SELF/ASYNC_FIFO/Async_fifo.v Line: 6
    Warning (15610): No output dependent on input pin "write_data[16]" File: E:/Projects/Sync_FIFO/SELF/ASYNC_FIFO/Async_fifo.v Line: 6
    Warning (15610): No output dependent on input pin "write_data[17]" File: E:/Projects/Sync_FIFO/SELF/ASYNC_FIFO/Async_fifo.v Line: 6
    Warning (15610): No output dependent on input pin "write_data[18]" File: E:/Projects/Sync_FIFO/SELF/ASYNC_FIFO/Async_fifo.v Line: 6
    Warning (15610): No output dependent on input pin "write_data[19]" File: E:/Projects/Sync_FIFO/SELF/ASYNC_FIFO/Async_fifo.v Line: 6
    Warning (15610): No output dependent on input pin "write_data[20]" File: E:/Projects/Sync_FIFO/SELF/ASYNC_FIFO/Async_fifo.v Line: 6
    Warning (15610): No output dependent on input pin "write_data[21]" File: E:/Projects/Sync_FIFO/SELF/ASYNC_FIFO/Async_fifo.v Line: 6
    Warning (15610): No output dependent on input pin "write_data[22]" File: E:/Projects/Sync_FIFO/SELF/ASYNC_FIFO/Async_fifo.v Line: 6
    Warning (15610): No output dependent on input pin "write_data[23]" File: E:/Projects/Sync_FIFO/SELF/ASYNC_FIFO/Async_fifo.v Line: 6
    Warning (15610): No output dependent on input pin "write_data[24]" File: E:/Projects/Sync_FIFO/SELF/ASYNC_FIFO/Async_fifo.v Line: 6
    Warning (15610): No output dependent on input pin "write_data[25]" File: E:/Projects/Sync_FIFO/SELF/ASYNC_FIFO/Async_fifo.v Line: 6
    Warning (15610): No output dependent on input pin "write_data[26]" File: E:/Projects/Sync_FIFO/SELF/ASYNC_FIFO/Async_fifo.v Line: 6
    Warning (15610): No output dependent on input pin "write_data[27]" File: E:/Projects/Sync_FIFO/SELF/ASYNC_FIFO/Async_fifo.v Line: 6
    Warning (15610): No output dependent on input pin "write_data[28]" File: E:/Projects/Sync_FIFO/SELF/ASYNC_FIFO/Async_fifo.v Line: 6
    Warning (15610): No output dependent on input pin "write_data[29]" File: E:/Projects/Sync_FIFO/SELF/ASYNC_FIFO/Async_fifo.v Line: 6
    Warning (15610): No output dependent on input pin "write_data[30]" File: E:/Projects/Sync_FIFO/SELF/ASYNC_FIFO/Async_fifo.v Line: 6
    Warning (15610): No output dependent on input pin "write_data[31]" File: E:/Projects/Sync_FIFO/SELF/ASYNC_FIFO/Async_fifo.v Line: 6
Info (21057): Implemented 252 device resources after synthesis - the final resource count might be different
    Info (21058): Implemented 137 input pins
    Info (21059): Implemented 34 output pins
    Info (21061): Implemented 81 logic cells
Info: Quartus Prime Analysis & Synthesis was successful. 0 errors, 79 warnings
    Info: Peak virtual memory: 4709 megabytes
    Info: Processing ended: Fri Jan 12 23:26:13 2024
    Info: Elapsed time: 00:00:14
    Info: Total CPU time (on all processors): 00:00:09


